[22:12:24.704] ◉ utils.logger → ◉ Neural logging system initialized
[22:12:24.704] ◉ utils.logger → ◦ Log level: INFO
[22:12:24.705] ◉ utils.logger → ◦ Quantum directory: E:\GitHub\Project\spo_to_db_ssms\logs
[22:12:24.705] ◉ utils.logger → ◦ Quantum mode: enabled
[22:12:24.733] ◉ controller.app_controller → 🎉 AppController initialized successfully
[22:46:47.972] ◉ utils.logger → ◉ Neural logging system initialized
[22:46:47.972] ◉ utils.logger → ◦ Log level: INFO
[22:46:47.973] ◉ utils.logger → ◦ Quantum directory: E:\GitHub\Project\spo_to_db_ssms\logs
[22:46:47.973] ◉ utils.logger → ◦ Quantum mode: enabled
[22:46:48.001] ◉ controller.app_controller → 🎉 AppController initialized successfully
[22:49:14.752] ◉ utils.logger → ◉ Neural logging system initialized
[22:49:14.752] ◉ utils.logger → ◦ Log level: INFO
[22:49:14.752] ◉ utils.logger → ◦ Quantum directory: E:\GitHub\Project\spo_to_db_ssms\logs
[22:49:14.753] ◉ utils.logger → ◦ Quantum mode: enabled
[22:49:14.780] ◉ controller.app_controller → 🎉 AppController initialized successfully
[22:51:55.881] ◉ utils.logger → ◉ Neural logging system initialized
[22:51:55.881] ◉ utils.logger → ◦ Log level: INFO
[22:51:55.881] ◉ utils.logger → ◦ Quantum directory: E:\GitHub\Project\spo_to_db_ssms\logs
[22:51:55.881] ◉ utils.logger → ◦ Quantum mode: enabled
[22:51:55.909] ◉ controller.app_controller → 🎉 AppController initialized successfully
[22:57:21.707] ◉ utils.logger → ◉ Neural logging system initialized
[22:57:21.707] ◉ utils.logger → ◦ Log level: INFO
[22:57:21.707] ◉ utils.logger → ◦ Quantum directory: E:\GitHub\Project\spo_to_db_ssms\logs
[22:57:21.707] ◉ utils.logger → ◦ Quantum mode: enabled
[22:57:21.735] ◉ controller.app_controller → 🎉 AppController initialized successfully
[22:58:09.941] ◉ utils.logger → ◉ Neural logging system initialized
[22:58:09.941] ◉ utils.logger → ◦ Log level: INFO
[22:58:09.941] ◉ utils.logger → ◦ Quantum directory: E:\GitHub\Project\spo_to_db_ssms\logs
[22:58:09.942] ◉ utils.logger → ◦ Quantum mode: enabled
[22:58:09.970] ◉ controller.app_controller → 🎉 AppController initialized successfully
[22:59:08.140] ◉ utils.logger → ◉ Neural logging system initialized
[22:59:08.141] ◉ utils.logger → ◦ Log level: INFO
[22:59:08.141] ◉ utils.logger → ◦ Quantum directory: E:\GitHub\Project\spo_to_db_ssms\logs
[22:59:08.141] ◉ utils.logger → ◦ Quantum mode: enabled
[22:59:08.169] ◉ controller.app_controller → 🎉 AppController initialized successfully
[23:02:54.298] ◉ utils.logger → ◉ Neural logging system initialized
[23:02:54.298] ◉ utils.logger → ◦ Log level: INFO
[23:02:54.298] ◉ utils.logger → ◦ Quantum directory: E:\GitHub\Project\spo_to_db_ssms\logs
[23:02:54.298] ◉ utils.logger → ◦ Quantum mode: enabled
[23:02:54.327] ◉ controller.app_controller → 🎉 AppController initialized successfully
[23:05:14.133] ◉ utils.logger → ◉ Neural logging system initialized
[23:05:14.133] ◉ utils.logger → ◦ Log level: INFO
[23:05:14.133] ◉ utils.logger → ◦ Quantum directory: E:\GitHub\Project\spo_to_db_ssms\logs
[23:05:14.133] ◉ utils.logger → ◦ Quantum mode: enabled
[23:05:14.161] ◉ controller.app_controller → 🎉 AppController initialized successfully
[23:16:44.918] ◉ utils.logger → ◉ Neural logging system initialized
[23:16:44.919] ◉ utils.logger → ◦ Log level: INFO
[23:16:44.919] ◉ utils.logger → ◦ Quantum directory: E:\GitHub\Project\spo_to_db_ssms\logs
[23:16:44.919] ◉ utils.logger → ◦ Quantum mode: enabled
[23:16:44.947] ◉ controller.app_controller → 🎉 AppController initialized successfully
