2025-06-19 08:28:14 - utils.logger - INFO - Logging initialized - Level: INFO
2025-06-19 08:28:14 - utils.logger - INFO - Log directory: D:\GitHub\Project\SPO_TO_DB_SSMS\logs
2025-06-19 08:28:15 - core.app_controller - INFO - 🎉 AppController initialized successfully
2025-06-19 08:30:15 - utils.logger - INFO - Logging initialized - Level: INFO
2025-06-19 08:30:15 - utils.logger - INFO - Log directory: D:\GitHub\Project\SPO_TO_DB_SSMS\logs
2025-06-19 08:30:15 - core.app_controller - INFO - 🎉 AppController initialized successfully
2025-06-19 08:30:45 - utils.logger - INFO - Logging initialized - Level: INFO
2025-06-19 08:30:45 - utils.logger - INFO - Log directory: D:\GitHub\Project\SPO_TO_DB_SSMS\logs
2025-06-19 08:30:45 - core.app_controller - INFO - 🎉 AppController initialized successfully
2025-06-19 08:33:27 - utils.logger - INFO - Logging initialized - Level: INFO
2025-06-19 08:33:27 - utils.logger - INFO - Log directory: D:\GitHub\Project\SPO_TO_DB_SSMS\logs
2025-06-19 08:33:27 - core.app_controller - INFO - 🎉 AppController initialized successfully
2025-06-19 08:34:41 - connectors.sharepoint_connector - ERROR - Failed to get access token: list index out of range
2025-06-19 08:34:41 - connectors.sharepoint_connector - ERROR - Failed to get SharePoint sites: list index out of range
2025-06-19 08:34:41 - core.connection_manager - ERROR - Failed to get SharePoint sites
Traceback (most recent call last):
  File "D:\GitHub\Project\SPO_TO_DB_SSMS\core\connection_manager.py", line 49, in get_sharepoint_sites
    sites = connector.get_sites()
  File "D:\GitHub\Project\SPO_TO_DB_SSMS\connectors\sharepoint_connector.py", line 47, in get_sites
    token = self.auth.get_access_token()
  File "D:\GitHub\Project\SPO_TO_DB_SSMS\connectors\sharepoint_connector.py", line 316, in get_access_token
    return self._request_new_token()
           ~~~~~~~~~~~~~~~~~~~~~~~^^
  File "D:\GitHub\Project\SPO_TO_DB_SSMS\connectors\sharepoint_connector.py", line 322, in _request_new_token
    domain = self.config.site_url.split("/")[2]
             ~~~~~~~~~~~~~~~~~~~~~~~~~~~~~~~^^^
IndexError: list index out of range
2025-06-19 08:37:06 - utils.logger - INFO - Logging initialized - Level: INFO
2025-06-19 08:37:06 - utils.logger - INFO - Log directory: D:\GitHub\Project\SPO_TO_DB_SSMS\logs
2025-06-19 08:37:06 - core.app_controller - INFO - 🎉 AppController initialized successfully
2025-06-19 08:39:40 - utils.logger - INFO - Logging initialized - Level: INFO
2025-06-19 08:39:40 - utils.logger - INFO - Log directory: D:\GitHub\Project\SPO_TO_DB_SSMS\logs
2025-06-19 08:39:40 - core.app_controller - INFO - 🎉 AppController initialized successfully
2025-06-19 08:45:14 - utils.logger - INFO - Logging initialized - Level: INFO
2025-06-19 08:45:14 - utils.logger - INFO - Log directory: D:\GitHub\Project\SPO_TO_DB_SSMS\logs
2025-06-19 08:45:14 - core.app_controller - INFO - 🎉 AppController initialized successfully
2025-06-19 08:46:18 - connectors.sharepoint_connector - ERROR - Failed to get access token: list index out of range
2025-06-19 08:46:18 - connectors.sharepoint_connector - ERROR - Failed to get SharePoint lists: list index out of range
2025-06-19 08:46:18 - core.connection_manager - ERROR - Failed to get SharePoint lists
Traceback (most recent call last):
  File "D:\GitHub\Project\SPO_TO_DB_SSMS\core\connection_manager.py", line 64, in get_sharepoint_lists
    lists = connector.get_lists()
  File "D:\GitHub\Project\SPO_TO_DB_SSMS\connectors\sharepoint_connector.py", line 73, in get_lists
    token = self.auth.get_access_token()
  File "D:\GitHub\Project\SPO_TO_DB_SSMS\connectors\sharepoint_connector.py", line 316, in get_access_token
    return self._request_new_token()
           ~~~~~~~~~~~~~~~~~~~~~~~^^
  File "D:\GitHub\Project\SPO_TO_DB_SSMS\connectors\sharepoint_connector.py", line 322, in _request_new_token
    domain = self.config.site_url.split("/")[2]
             ~~~~~~~~~~~~~~~~~~~~~~~~~~~~~~~^^^
IndexError: list index out of range
2025-06-19 08:48:04 - utils.logger - INFO - Logging initialized - Level: INFO
2025-06-19 08:48:04 - utils.logger - INFO - Log directory: D:\GitHub\Project\SPO_TO_DB_SSMS\logs
2025-06-19 08:48:04 - core.app_controller - INFO - 🎉 AppController initialized successfully
2025-06-19 08:48:16 - utils.logger - INFO - Logging initialized - Level: INFO
2025-06-19 08:48:16 - utils.logger - INFO - Log directory: D:\GitHub\Project\SPO_TO_DB_SSMS\logs
2025-06-19 08:48:16 - core.app_controller - INFO - 🎉 AppController initialized successfully
2025-06-19 08:52:06 - utils.logger - INFO - Logging initialized - Level: INFO
2025-06-19 08:52:06 - utils.logger - INFO - Log directory: D:\GitHub\Project\SPO_TO_DB_SSMS\logs
2025-06-19 08:52:07 - core.app_controller - INFO - 🎉 AppController initialized successfully
2025-06-19 08:56:59 - utils.logger - INFO - Logging initialized - Level: INFO
2025-06-19 08:56:59 - utils.logger - INFO - Log directory: D:\GitHub\Project\SPO_TO_DB_SSMS\logs
2025-06-19 08:56:59 - core.app_controller - INFO - 🎉 AppController initialized successfully
2025-06-19 08:57:27 - utils.logger - INFO - Logging initialized - Level: INFO
2025-06-19 08:57:27 - utils.logger - INFO - Log directory: D:\GitHub\Project\SPO_TO_DB_SSMS\logs
2025-06-19 08:57:27 - core.app_controller - INFO - 🎉 AppController initialized successfully
2025-06-19 09:06:58 - utils.logger - INFO - Logging initialized - Level: INFO
2025-06-19 09:06:59 - utils.logger - INFO - Log directory: D:\GitHub\Project\SPO_TO_DB_SSMS\logs
2025-06-19 09:06:59 - core.app_controller - INFO - 🎉 AppController initialized successfully
2025-06-19 09:07:28 - utils.logger - INFO - Logging initialized - Level: INFO
2025-06-19 09:07:28 - utils.logger - INFO - Log directory: D:\GitHub\Project\SPO_TO_DB_SSMS\logs
2025-06-19 09:07:28 - core.app_controller - INFO - 🎉 AppController initialized successfully
2025-06-19 09:07:45 - utils.logger - INFO - Logging initialized - Level: INFO
2025-06-19 09:07:45 - utils.logger - INFO - Log directory: D:\GitHub\Project\SPO_TO_DB_SSMS\logs
2025-06-19 09:07:45 - core.app_controller - INFO - 🎉 AppController initialized successfully
2025-06-19 09:17:41 - utils.logger - INFO - Logging initialized - Level: INFO
2025-06-19 09:17:41 - utils.logger - INFO - Log directory: D:\GitHub\Project\SPO_TO_DB_SSMS\logs
2025-06-19 09:17:41 - core.app_controller - INFO - 🎉 AppController initialized successfully
2025-06-19 09:18:42 - utils.logger - INFO - Logging initialized - Level: INFO
2025-06-19 09:18:42 - utils.logger - INFO - Log directory: D:\GitHub\Project\SPO_TO_DB_SSMS\logs
2025-06-19 09:18:42 - core.app_controller - INFO - 🎉 AppController initialized successfully
2025-06-19 09:18:56 - utils.logger - INFO - Logging initialized - Level: INFO
2025-06-19 09:18:56 - utils.logger - INFO - Log directory: D:\GitHub\Project\SPO_TO_DB_SSMS\logs
2025-06-19 09:18:56 - core.app_controller - INFO - 🎉 AppController initialized successfully
2025-06-19 09:19:07 - utils.logger - INFO - Logging initialized - Level: INFO
2025-06-19 09:19:07 - utils.logger - INFO - Log directory: D:\GitHub\Project\SPO_TO_DB_SSMS\logs
2025-06-19 09:19:07 - core.app_controller - INFO - 🎉 AppController initialized successfully
2025-06-19 09:29:36 - connectors.database_connector - INFO - Database engine created for sqlserver
2025-06-19 09:29:52 - connectors.database_connector - ERROR - Failed to get tables: (pyodbc.OperationalError) ('08001', '[08001] [Microsoft][ODBC Driver 17 for SQL Server]Named Pipes Provider: Could not open a connection to SQL Server [2].  (2) (SQLDriverConnect); [08001] [Microsoft][ODBC Driver 17 for SQL Server]Login timeout expired (0); [08001] [Microsoft][ODBC Driver 17 for SQL Server]Invalid connection string attribute (0); [08001] [Microsoft][ODBC Driver 17 for SQL Server]A network-related or instance-specific error has occurred while establishing a connection to SQL Server. Server is not found or not accessible. Check if instance name is correct and if SQL Server is configured to allow remote connections. For more information see SQL Server Books Online. (2)')
(Background on this error at: https://sqlalche.me/e/20/e3q8)
2025-06-19 09:30:28 - connectors.database_connector - INFO - Database engine created for sqlserver
2025-06-19 09:30:44 - connectors.database_connector - ERROR - Failed to get databases: (pyodbc.OperationalError) ('08001', '[08001] [Microsoft][ODBC Driver 17 for SQL Server]Named Pipes Provider: Could not open a connection to SQL Server [2].  (2) (SQLDriverConnect); [08001] [Microsoft][ODBC Driver 17 for SQL Server]Login timeout expired (0); [08001] [Microsoft][ODBC Driver 17 for SQL Server]Invalid connection string attribute (0); [08001] [Microsoft][ODBC Driver 17 for SQL Server]A network-related or instance-specific error has occurred while establishing a connection to SQL Server. Server is not found or not accessible. Check if instance name is correct and if SQL Server is configured to allow remote connections. For more information see SQL Server Books Online. (2)')
(Background on this error at: https://sqlalche.me/e/20/e3q8)
2025-06-19 09:31:25 - ui.components.config_panel - INFO - Configuration saved from UI
2025-06-19 09:31:27 - connectors.database_connector - INFO - Database engine created for sqlserver
2025-06-19 09:31:42 - connectors.database_connector - ERROR - Database connection test failed: (pyodbc.OperationalError) ('08001', '[08001] [Microsoft][ODBC Driver 17 for SQL Server]SQL Server Network Interfaces: Error Locating Server/Instance Specified [xFFFFFFFF].  (-1) (SQLDriverConnect); [08001] [Microsoft][ODBC Driver 17 for SQL Server]Login timeout expired (0); [08001] [Microsoft][ODBC Driver 17 for SQL Server]Invalid connection string attribute (0); [08001] [Microsoft][ODBC Driver 17 for SQL Server]A network-related or instance-specific error has occurred while establishing a connection to SQL Server. Server is not found or not accessible. Check if instance name is correct and if SQL Server is configured to allow remote connections. For more information see SQL Server Books Online. (-1)')
(Background on this error at: https://sqlalche.me/e/20/e3q8)
2025-06-19 09:32:16 - connectors.database_connector - INFO - Database engine created for sqlserver
2025-06-19 09:32:31 - connectors.database_connector - ERROR - Database connection test failed: (pyodbc.OperationalError) ('08001', '[08001] [Microsoft][ODBC Driver 17 for SQL Server]SQL Server Network Interfaces: Error Locating Server/Instance Specified [xFFFFFFFF].  (-1) (SQLDriverConnect); [08001] [Microsoft][ODBC Driver 17 for SQL Server]Login timeout expired (0); [08001] [Microsoft][ODBC Driver 17 for SQL Server]Invalid connection string attribute (0); [08001] [Microsoft][ODBC Driver 17 for SQL Server]A network-related or instance-specific error has occurred while establishing a connection to SQL Server. Server is not found or not accessible. Check if instance name is correct and if SQL Server is configured to allow remote connections. For more information see SQL Server Books Online. (-1)')
(Background on this error at: https://sqlalche.me/e/20/e3q8)
2025-06-19 09:37:52 - utils.logger - INFO - Logging initialized - Level: INFO
2025-06-19 09:37:52 - utils.logger - INFO - Log directory: D:\GitHub\Project\SPO_TO_DB_SSMS\logs
2025-06-19 09:37:53 - core.app_controller - INFO - 🎉 AppController initialized successfully
2025-06-19 09:37:56 - connectors.database_connector - INFO - Database engine created for sqlserver
2025-06-19 09:38:11 - connectors.database_connector - ERROR - Database connection test failed: (pyodbc.OperationalError) ('08001', '[08001] [Microsoft][ODBC Driver 17 for SQL Server]SQL Server Network Interfaces: Error Locating Server/Instance Specified [xFFFFFFFF].  (-1) (SQLDriverConnect); [08001] [Microsoft][ODBC Driver 17 for SQL Server]Login timeout expired (0); [08001] [Microsoft][ODBC Driver 17 for SQL Server]Invalid connection string attribute (0); [08001] [Microsoft][ODBC Driver 17 for SQL Server]A network-related or instance-specific error has occurred while establishing a connection to SQL Server. Server is not found or not accessible. Check if instance name is correct and if SQL Server is configured to allow remote connections. For more information see SQL Server Books Online. (-1)')
(Background on this error at: https://sqlalche.me/e/20/e3q8)
2025-06-19 09:51:43 - utils.logger - INFO - Logging initialized - Level: INFO
2025-06-19 09:51:43 - utils.logger - INFO - Log directory: D:\GitHub\Project\SPO_TO_DB_SSMS\logs
2025-06-19 09:51:43 - core.app_controller - INFO - 🎉 AppController initialized successfully
2025-06-19 09:51:46 - connectors.database_connector - INFO - Database engine created for sqlserver
2025-06-19 09:52:01 - connectors.database_connector - ERROR - Database connection test failed: (pyodbc.OperationalError) ('08001', '[08001] [Microsoft][ODBC Driver 17 for SQL Server]SQL Server Network Interfaces: Error Locating Server/Instance Specified [xFFFFFFFF].  (-1) (SQLDriverConnect); [08001] [Microsoft][ODBC Driver 17 for SQL Server]Login timeout expired (0); [08001] [Microsoft][ODBC Driver 17 for SQL Server]Invalid connection string attribute (0); [08001] [Microsoft][ODBC Driver 17 for SQL Server]A network-related or instance-specific error has occurred while establishing a connection to SQL Server. Server is not found or not accessible. Check if instance name is correct and if SQL Server is configured to allow remote connections. For more information see SQL Server Books Online. (-1)')
(Background on this error at: https://sqlalche.me/e/20/e3q8)
2025-06-19 09:52:17 - utils.logger - INFO - Logging initialized - Level: INFO
2025-06-19 09:52:17 - utils.logger - INFO - Log directory: D:\GitHub\Project\SPO_TO_DB_SSMS\logs
2025-06-19 09:52:17 - core.app_controller - INFO - 🎉 AppController initialized successfully
2025-06-19 09:52:19 - connectors.database_connector - INFO - Database engine created for sqlserver
2025-06-19 09:52:34 - connectors.database_connector - ERROR - Database connection test failed: (pyodbc.OperationalError) ('08001', '[08001] [Microsoft][ODBC Driver 17 for SQL Server]SQL Server Network Interfaces: Error Locating Server/Instance Specified [xFFFFFFFF].  (-1) (SQLDriverConnect); [08001] [Microsoft][ODBC Driver 17 for SQL Server]Login timeout expired (0); [08001] [Microsoft][ODBC Driver 17 for SQL Server]Invalid connection string attribute (0); [08001] [Microsoft][ODBC Driver 17 for SQL Server]A network-related or instance-specific error has occurred while establishing a connection to SQL Server. Server is not found or not accessible. Check if instance name is correct and if SQL Server is configured to allow remote connections. For more information see SQL Server Books Online. (-1)')
(Background on this error at: https://sqlalche.me/e/20/e3q8)
2025-06-19 09:53:21 - utils.logger - INFO - Logging initialized - Level: INFO
2025-06-19 09:53:21 - utils.logger - INFO - Log directory: D:\GitHub\Project\SPO_TO_DB_SSMS\logs
2025-06-19 09:53:21 - core.app_controller - INFO - 🎉 AppController initialized successfully
2025-06-19 09:53:23 - connectors.database_connector - INFO - Database engine created for sqlserver
2025-06-19 09:53:38 - connectors.database_connector - ERROR - Database connection test failed: (pyodbc.OperationalError) ('08001', '[08001] [Microsoft][ODBC Driver 17 for SQL Server]SQL Server Network Interfaces: Error Locating Server/Instance Specified [xFFFFFFFF].  (-1) (SQLDriverConnect); [08001] [Microsoft][ODBC Driver 17 for SQL Server]Login timeout expired (0); [08001] [Microsoft][ODBC Driver 17 for SQL Server]Invalid connection string attribute (0); [08001] [Microsoft][ODBC Driver 17 for SQL Server]A network-related or instance-specific error has occurred while establishing a connection to SQL Server. Server is not found or not accessible. Check if instance name is correct and if SQL Server is configured to allow remote connections. For more information see SQL Server Books Online. (-1)')
(Background on this error at: https://sqlalche.me/e/20/e3q8)
2025-06-19 09:57:25 - utils.logger - INFO - Logging initialized - Level: INFO
2025-06-19 09:57:25 - utils.logger - INFO - Log directory: D:\GitHub\Project\SPO_TO_DB_SSMS\logs
2025-06-19 09:57:25 - core.app_controller - INFO - 🎉 AppController initialized successfully
2025-06-19 09:57:27 - connectors.database_connector - INFO - Database engine created for sqlserver
2025-06-19 09:57:42 - connectors.database_connector - ERROR - Database connection test failed: (pyodbc.OperationalError) ('08001', '[08001] [Microsoft][ODBC Driver 17 for SQL Server]SQL Server Network Interfaces: Error Locating Server/Instance Specified [xFFFFFFFF].  (-1) (SQLDriverConnect); [08001] [Microsoft][ODBC Driver 17 for SQL Server]Login timeout expired (0); [08001] [Microsoft][ODBC Driver 17 for SQL Server]Invalid connection string attribute (0); [08001] [Microsoft][ODBC Driver 17 for SQL Server]A network-related or instance-specific error has occurred while establishing a connection to SQL Server. Server is not found or not accessible. Check if instance name is correct and if SQL Server is configured to allow remote connections. For more information see SQL Server Books Online. (-1)')
(Background on this error at: https://sqlalche.me/e/20/e3q8)
2025-06-19 09:58:38 - utils.logger - INFO - Logging initialized - Level: INFO
2025-06-19 09:58:38 - utils.logger - INFO - Log directory: D:\GitHub\Project\SPO_TO_DB_SSMS\logs
2025-06-19 09:58:38 - core.app_controller - INFO - 🎉 AppController initialized successfully
2025-06-19 09:58:39 - connectors.database_connector - INFO - Database engine created for sqlserver
2025-06-19 11:19:45 - utils.logger - INFO - Logging initialized - Level: INFO
2025-06-19 11:19:45 - utils.logger - INFO - Log directory: D:\GitHub\Project\SPO_TO_DB_SSMS\logs
2025-06-19 11:19:45 - core.app_controller - INFO - 🎉 AppController initialized successfully
2025-06-19 11:19:47 - connectors.database_connector - INFO - Database engine created for sqlite
2025-06-19 11:19:47 - connectors.database_connector - INFO - Database connection test successful (returned: 1)
2025-06-19 11:21:02 - utils.logger - INFO - Logging initialized - Level: INFO
2025-06-19 11:21:02 - utils.logger - INFO - Log directory: D:\GitHub\Project\SPO_TO_DB_SSMS\logs
2025-06-19 11:21:02 - core.app_controller - INFO - 🎉 AppController initialized successfully
2025-06-19 11:21:04 - connectors.database_connector - INFO - Database engine created for sqlite
2025-06-19 11:21:04 - connectors.database_connector - INFO - Database connection test successful (returned: 1)
2025-06-19 11:21:46 - utils.logger - INFO - Logging initialized - Level: INFO
2025-06-19 11:21:46 - utils.logger - INFO - Log directory: D:\GitHub\Project\SPO_TO_DB_SSMS\logs
2025-06-19 11:21:46 - core.app_controller - INFO - 🎉 AppController initialized successfully
2025-06-19 11:21:48 - connectors.database_connector - INFO - Database engine created for sqlite
2025-06-19 11:21:48 - connectors.database_connector - INFO - Database connection test successful (returned: 1)
2025-06-19 11:23:02 - utils.logger - INFO - Logging initialized - Level: INFO
2025-06-19 11:23:02 - utils.logger - INFO - Log directory: D:\GitHub\Project\SPO_TO_DB_SSMS\logs
2025-06-19 11:23:02 - core.app_controller - INFO - 🎉 AppController initialized successfully
2025-06-19 11:23:04 - connectors.database_connector - INFO - Database engine created for sqlite
2025-06-19 11:23:04 - connectors.database_connector - INFO - Database connection test successful (returned: 1)
